
> ijitest@0.1.0 build D:\mohan\IJITEST
> next build

⚠ turbopack.root should be absolute, using: D:\mohan\IJITEST
▲ Next.js 16.2.1 (Turbopack)
- Environments: .env
- Experiments (use with caution):
  · serverActions

  Creating an optimized production build ...
✓ Compiled successfully in 53s
  Running TypeScript ...
Failed to type check.

.next/dev/types/validator.ts:5:50
Type error: Module '"./routes.js"' has no exported member 'AppRouteHandlerRoutes'.

  [90m3 |[0m [90m// This file validates that all pages and layouts export the correct types[0m
  [90m4 |[0m
[31m[1m>[0m [90m5 |[0m [36mimport[0m [36mtype[0m { [33mAppRoutes[0m, [33mLayoutRoutes[0m, [33mParamMap[0m, [33mAppRouteHandlerRoutes[0m } [36mfrom[0m [32m"./routes.js"[0m
  [90m  |[0m                                                  [31m[1m^[0m
  [90m6 |[0m [36mimport[0m [36mtype[0m { [33mResolvingMetadata[0m, [33mResolvingViewport[0m } [36mfrom[0m [32m"next/types.js"[0m
  [90m7 |[0m [36mimport[0m [36mtype[0m { [33mNextRequest[0m } [36mfrom[0m [32m'next/server.js'[0m
  [90m8 |[0m
Next.js build worker exited with code: 1 and signal: null
 ELIFECYCLE  Command failed with exit code 1.
